<component name="libraryTable">
  <library name="junit.jar">
    <CLASSES>
      <root url="jar://$PROJECT_DIR$/../../App/junit-4.10.jar!/" />
    </CLASSES>
    <JAVADOC />
    <SOURCES />
  </library>
</component>